<?xml version="1.0" encoding="UTF-8"?>
<robot generator="Robot 6.0.2 (Python 3.11.3 on win32)" generated="20230530 19:31:59.390" rpa="false" schemaversion="3">
<suite id="s1" name="alenTest" source="C:\Users\diak\IRY\2023-05-30\alenTest.robot">
<test id="s1-t1" name="Open Home" line="12">
<kw name="Open Browser" library="SeleniumLibrary">
<arg>https://alienregistry.azurewebsites.net/</arg>
<arg>Chrome</arg>
<arg>options=add_experimental_option("detach", True)</arg>
<doc>Opens a new browser instance to the optional ``url``.</doc>
<msg timestamp="20230530 19:31:59.654" level="INFO">Opening browser 'Chrome' to base url 'https://alienregistry.azurewebsites.net/'.</msg>
<msg timestamp="20230530 19:31:59.679" level="INFO">Applicable driver not found; attempting to install with Selenium Manager (Beta)</msg>
<status status="PASS" starttime="20230530 19:31:59.653" endtime="20230530 19:32:02.157"/>
</kw>
<kw name="Maximize Browser Window" library="SeleniumLibrary">
<doc>Maximizes current browser window.</doc>
<status status="PASS" starttime="20230530 19:32:02.157" endtime="20230530 19:32:02.297"/>
</kw>
<kw name="Page Should Contain" library="SeleniumLibrary">
<arg>Welcome</arg>
<doc>Verifies that current page contains ``text``.</doc>
<msg timestamp="20230530 19:32:02.370" level="INFO">Current page contains text 'Welcome'.</msg>
<status status="PASS" starttime="20230530 19:32:02.298" endtime="20230530 19:32:02.370"/>
</kw>
<status status="PASS" starttime="20230530 19:31:59.653" endtime="20230530 19:32:02.372"/>
</test>
<test id="s1-t2" name="Verify Login" line="32">
<kw name="Click Element" library="SeleniumLibrary">
<arg>xpath:/html/body/header/nav/div/div/ul[2]/li[2]/a</arg>
<doc>Click the element identified by ``locator``.</doc>
<msg timestamp="20230530 19:32:02.384" level="INFO">Clicking element 'xpath:/html/body/header/nav/div/div/ul[2]/li[2]/a'.</msg>
<status status="PASS" starttime="20230530 19:32:02.381" endtime="20230530 19:32:02.709"/>
</kw>
<kw name="Sleep" library="BuiltIn">
<arg>1s</arg>
<doc>Pauses the test executed for the given time.</doc>
<msg timestamp="20230530 19:32:03.710" level="INFO">Slept 1 second</msg>
<status status="PASS" starttime="20230530 19:32:02.710" endtime="20230530 19:32:03.710"/>
</kw>
<kw name="Input Text" library="SeleniumLibrary">
<arg>xpath://*[@id="Input_Email"]</arg>
<arg>${email}</arg>
<doc>Types the given ``text`` into the text field identified by ``locator``.</doc>
<msg timestamp="20230530 19:32:03.713" level="INFO">Typing text 'szoftteszt2025@gmail.com' into text field 'xpath://*[@id="Input_Email"]'.</msg>
<status status="PASS" starttime="20230530 19:32:03.712" endtime="20230530 19:32:03.874"/>
</kw>
<kw name="Input Text" library="SeleniumLibrary">
<arg>xpath://*[@id="Input_Password"]</arg>
<arg>${password}</arg>
<doc>Types the given ``text`` into the text field identified by ``locator``.</doc>
<msg timestamp="20230530 19:32:03.875" level="INFO">Typing text 'Password-11' into text field 'xpath://*[@id="Input_Password"]'.</msg>
<status status="PASS" starttime="20230530 19:32:03.875" endtime="20230530 19:32:03.999"/>
</kw>
<kw name="Click Button" library="SeleniumLibrary">
<arg>xpath://*[@id="login-submit"]</arg>
<doc>Clicks the button identified by ``locator``.</doc>
<msg timestamp="20230530 19:32:04.000" level="INFO">Clicking button 'xpath://*[@id="login-submit"]'.</msg>
<status status="PASS" starttime="20230530 19:32:03.999" endtime="20230530 19:32:04.369"/>
</kw>
<kw name="Wait Until Element Is Visible" library="SeleniumLibrary">
<arg>xpath:/html/body/header/nav/div/div/ul[2]/li[1]/a</arg>
<doc>Waits until the element ``locator`` is visible.</doc>
<status status="PASS" starttime="20230530 19:32:04.371" endtime="20230530 19:32:04.478"/>
</kw>
<status status="PASS" starttime="20230530 19:32:02.377" endtime="20230530 19:32:04.479"/>
</test>
<test id="s1-t3" name="Verify Input" line="40">
<kw name="Click Element" library="SeleniumLibrary">
<arg>xpath://*[@id="Aliens"]</arg>
<doc>Click the element identified by ``locator``.</doc>
<msg timestamp="20230530 19:32:04.481" level="INFO">Clicking element 'xpath://*[@id="Aliens"]'.</msg>
<status status="PASS" starttime="20230530 19:32:04.480" endtime="20230530 19:32:04.749"/>
</kw>
<kw name="Sleep" library="BuiltIn">
<arg>1s</arg>
<doc>Pauses the test executed for the given time.</doc>
<msg timestamp="20230530 19:32:05.750" level="INFO">Slept 1 second</msg>
<status status="PASS" starttime="20230530 19:32:04.750" endtime="20230530 19:32:05.750"/>
</kw>
<kw name="Click Element" library="SeleniumLibrary">
<arg>xpath:/html/body/div/main/p/a</arg>
<doc>Click the element identified by ``locator``.</doc>
<msg timestamp="20230530 19:32:05.753" level="INFO">Clicking element 'xpath:/html/body/div/main/p/a'.</msg>
<status status="PASS" starttime="20230530 19:32:05.751" endtime="20230530 19:32:06.064"/>
</kw>
<kw name="Sleep" library="BuiltIn">
<arg>1s</arg>
<doc>Pauses the test executed for the given time.</doc>
<msg timestamp="20230530 19:32:07.065" level="INFO">Slept 1 second</msg>
<status status="PASS" starttime="20230530 19:32:06.065" endtime="20230530 19:32:07.065"/>
</kw>
<kw name="Input Text" library="SeleniumLibrary">
<arg>xpath://*[@id="Name"]</arg>
<arg>Sectoid</arg>
<doc>Types the given ``text`` into the text field identified by ``locator``.</doc>
<msg timestamp="20230530 19:32:07.068" level="INFO">Typing text 'Sectoid' into text field 'xpath://*[@id="Name"]'.</msg>
<status status="PASS" starttime="20230530 19:32:07.066" endtime="20230530 19:32:07.191"/>
</kw>
<kw name="Input Text" library="SeleniumLibrary">
<arg>xpath://*[@id="Planet"]</arg>
<arg>Mars</arg>
<doc>Types the given ``text`` into the text field identified by ``locator``.</doc>
<msg timestamp="20230530 19:32:07.193" level="INFO">Typing text 'Mars' into text field 'xpath://*[@id="Planet"]'.</msg>
<status status="PASS" starttime="20230530 19:32:07.192" endtime="20230530 19:32:07.329"/>
</kw>
<kw name="Input Text" library="SeleniumLibrary">
<arg>xpath://*[@id="Population"]</arg>
<arg>25000</arg>
<doc>Types the given ``text`` into the text field identified by ``locator``.</doc>
<msg timestamp="20230530 19:32:07.330" level="INFO">Typing text '25000' into text field 'xpath://*[@id="Population"]'.</msg>
<status status="PASS" starttime="20230530 19:32:07.330" endtime="20230530 19:32:07.452"/>
</kw>
<kw name="Input Text" library="SeleniumLibrary">
<arg>xpath://*[@id="Attitude"]</arg>
<arg>Hostile</arg>
<doc>Types the given ``text`` into the text field identified by ``locator``.</doc>
<msg timestamp="20230530 19:32:07.453" level="INFO">Typing text 'Hostile' into text field 'xpath://*[@id="Attitude"]'.</msg>
<status status="PASS" starttime="20230530 19:32:07.452" endtime="20230530 19:32:07.553"/>
</kw>
<kw name="Click Button" library="SeleniumLibrary">
<arg>xpath:/html/body/div/main/div[1]/div/form/div[5]/input</arg>
<doc>Clicks the button identified by ``locator``.</doc>
<msg timestamp="20230530 19:32:07.555" level="INFO">Clicking button 'xpath:/html/body/div/main/div[1]/div/form/div[5]/input'.</msg>
<status status="PASS" starttime="20230530 19:32:07.554" endtime="20230530 19:32:07.950"/>
</kw>
<status status="PASS" starttime="20230530 19:32:04.480" endtime="20230530 19:32:07.951"/>
</test>
<status status="PASS" starttime="20230530 19:31:59.391" endtime="20230530 19:32:07.955"/>
</suite>
<statistics>
<total>
<stat pass="3" fail="0" skip="0">All Tests</stat>
</total>
<tag>
</tag>
<suite>
<stat pass="3" fail="0" skip="0" id="s1" name="alenTest">alenTest</stat>
</suite>
</statistics>
<errors>
</errors>
</robot>
