<?xml version="1.0" encoding="UTF-8"?>
<robot generator="Robot 6.0.2 (Python 3.11.3 on win32)" generated="20230530 19:39:50.882" rpa="false" schemaversion="3">
<suite id="s1" name="alenTest" source="C:\Users\diak\IRY\2023-05-30\alenTest.robot">
<test id="s1-t1" name="Open Home" line="12">
<kw name="Open Browser" library="SeleniumLibrary">
<arg>https://alienregistry.azurewebsites.net/</arg>
<arg>Chrome</arg>
<arg>options=add_experimental_option("detach", True)</arg>
<doc>Opens a new browser instance to the optional ``url``.</doc>
<msg timestamp="20230530 19:39:51.155" level="INFO">Opening browser 'Chrome' to base url 'https://alienregistry.azurewebsites.net/'.</msg>
<msg timestamp="20230530 19:39:51.187" level="INFO">Applicable driver not found; attempting to install with Selenium Manager (Beta)</msg>
<status status="PASS" starttime="20230530 19:39:51.154" endtime="20230530 19:39:54.771"/>
</kw>
<kw name="Maximize Browser Window" library="SeleniumLibrary">
<doc>Maximizes current browser window.</doc>
<status status="PASS" starttime="20230530 19:39:54.772" endtime="20230530 19:39:54.917"/>
</kw>
<kw name="Page Should Contain" library="SeleniumLibrary">
<arg>Welcome</arg>
<doc>Verifies that current page contains ``text``.</doc>
<msg timestamp="20230530 19:39:54.962" level="INFO">Current page contains text 'Welcome'.</msg>
<status status="PASS" starttime="20230530 19:39:54.919" endtime="20230530 19:39:54.962"/>
</kw>
<status status="PASS" starttime="20230530 19:39:51.154" endtime="20230530 19:39:54.963"/>
</test>
<test id="s1-t2" name="Verify Login" line="32">
<kw name="Click Element" library="SeleniumLibrary">
<arg>xpath:/html/body/header/nav/div/div/ul[2]/li[2]/a</arg>
<doc>Click the element identified by ``locator``.</doc>
<msg timestamp="20230530 19:39:54.966" level="INFO">Clicking element 'xpath:/html/body/header/nav/div/div/ul[2]/li[2]/a'.</msg>
<status status="PASS" starttime="20230530 19:39:54.965" endtime="20230530 19:39:55.364"/>
</kw>
<kw name="Sleep" library="BuiltIn">
<arg>1s</arg>
<doc>Pauses the test executed for the given time.</doc>
<msg timestamp="20230530 19:39:56.365" level="INFO">Slept 1 second</msg>
<status status="PASS" starttime="20230530 19:39:55.364" endtime="20230530 19:39:56.365"/>
</kw>
<kw name="Input Text" library="SeleniumLibrary">
<arg>xpath://*[@id="Input_Email"]</arg>
<arg>${email}</arg>
<doc>Types the given ``text`` into the text field identified by ``locator``.</doc>
<msg timestamp="20230530 19:39:56.368" level="INFO">Typing text 'szoftteszt2025@gmail.com' into text field 'xpath://*[@id="Input_Email"]'.</msg>
<status status="PASS" starttime="20230530 19:39:56.367" endtime="20230530 19:39:56.541"/>
</kw>
<kw name="Input Text" library="SeleniumLibrary">
<arg>xpath://*[@id="Input_Password"]</arg>
<arg>${password}</arg>
<doc>Types the given ``text`` into the text field identified by ``locator``.</doc>
<msg timestamp="20230530 19:39:56.542" level="INFO">Typing text 'Password-11' into text field 'xpath://*[@id="Input_Password"]'.</msg>
<status status="PASS" starttime="20230530 19:39:56.542" endtime="20230530 19:39:56.669"/>
</kw>
<kw name="Click Button" library="SeleniumLibrary">
<arg>xpath://*[@id="login-submit"]</arg>
<doc>Clicks the button identified by ``locator``.</doc>
<msg timestamp="20230530 19:39:56.670" level="INFO">Clicking button 'xpath://*[@id="login-submit"]'.</msg>
<status status="PASS" starttime="20230530 19:39:56.669" endtime="20230530 19:39:57.073"/>
</kw>
<kw name="Wait Until Element Is Visible" library="SeleniumLibrary">
<arg>xpath:/html/body/header/nav/div/div/ul[2]/li[1]/a</arg>
<doc>Waits until the element ``locator`` is visible.</doc>
<status status="PASS" starttime="20230530 19:39:57.074" endtime="20230530 19:39:57.128"/>
</kw>
<status status="PASS" starttime="20230530 19:39:54.964" endtime="20230530 19:39:57.128"/>
</test>
<test id="s1-t3" name="Verify Input" line="40">
<kw name="Click Element" library="SeleniumLibrary">
<arg>xpath://*[@id="Aliens"]</arg>
<doc>Click the element identified by ``locator``.</doc>
<msg timestamp="20230530 19:39:57.130" level="INFO">Clicking element 'xpath://*[@id="Aliens"]'.</msg>
<status status="PASS" starttime="20230530 19:39:57.130" endtime="20230530 19:39:57.461"/>
</kw>
<kw name="Sleep" library="BuiltIn">
<arg>1s</arg>
<doc>Pauses the test executed for the given time.</doc>
<msg timestamp="20230530 19:39:58.462" level="INFO">Slept 1 second</msg>
<status status="PASS" starttime="20230530 19:39:57.462" endtime="20230530 19:39:58.462"/>
</kw>
<kw name="Click Element" library="SeleniumLibrary">
<arg>xpath:/html/body/div/main/p/a</arg>
<doc>Click the element identified by ``locator``.</doc>
<msg timestamp="20230530 19:39:58.465" level="INFO">Clicking element 'xpath:/html/body/div/main/p/a'.</msg>
<status status="PASS" starttime="20230530 19:39:58.463" endtime="20230530 19:39:59.011"/>
</kw>
<kw name="Sleep" library="BuiltIn">
<arg>1s</arg>
<doc>Pauses the test executed for the given time.</doc>
<msg timestamp="20230530 19:40:00.012" level="INFO">Slept 1 second</msg>
<status status="PASS" starttime="20230530 19:39:59.012" endtime="20230530 19:40:00.012"/>
</kw>
<kw name="Input Text" library="SeleniumLibrary">
<arg>xpath://*[@id="Name"]</arg>
<arg>Ethereal</arg>
<doc>Types the given ``text`` into the text field identified by ``locator``.</doc>
<msg timestamp="20230530 19:40:00.014" level="INFO">Typing text 'Ethereal' into text field 'xpath://*[@id="Name"]'.</msg>
<status status="PASS" starttime="20230530 19:40:00.014" endtime="20230530 19:40:00.130"/>
</kw>
<kw name="Input Text" library="SeleniumLibrary">
<arg>xpath://*[@id="Planet"]</arg>
<arg>Mars</arg>
<doc>Types the given ``text`` into the text field identified by ``locator``.</doc>
<msg timestamp="20230530 19:40:00.131" level="INFO">Typing text 'Mars' into text field 'xpath://*[@id="Planet"]'.</msg>
<status status="PASS" starttime="20230530 19:40:00.131" endtime="20230530 19:40:00.251"/>
</kw>
<kw name="Input Text" library="SeleniumLibrary">
<arg>xpath://*[@id="Population"]</arg>
<arg>25000</arg>
<doc>Types the given ``text`` into the text field identified by ``locator``.</doc>
<msg timestamp="20230530 19:40:00.253" level="INFO">Typing text '25000' into text field 'xpath://*[@id="Population"]'.</msg>
<status status="PASS" starttime="20230530 19:40:00.252" endtime="20230530 19:40:00.357"/>
</kw>
<kw name="Input Text" library="SeleniumLibrary">
<arg>xpath://*[@id="Attitude"]</arg>
<arg>Hostile</arg>
<doc>Types the given ``text`` into the text field identified by ``locator``.</doc>
<msg timestamp="20230530 19:40:00.358" level="INFO">Typing text 'Hostile' into text field 'xpath://*[@id="Attitude"]'.</msg>
<status status="PASS" starttime="20230530 19:40:00.357" endtime="20230530 19:40:00.458"/>
</kw>
<kw name="Click Button" library="SeleniumLibrary">
<arg>xpath:/html/body/div/main/div[1]/div/form/div[5]/input</arg>
<doc>Clicks the button identified by ``locator``.</doc>
<msg timestamp="20230530 19:40:00.459" level="INFO">Clicking button 'xpath:/html/body/div/main/div[1]/div/form/div[5]/input'.</msg>
<status status="PASS" starttime="20230530 19:40:00.458" endtime="20230530 19:40:00.824"/>
</kw>
<kw name="Sleep" library="BuiltIn">
<arg>1s</arg>
<doc>Pauses the test executed for the given time.</doc>
<msg timestamp="20230530 19:40:01.848" level="INFO">Slept 1 second</msg>
<status status="PASS" starttime="20230530 19:40:00.848" endtime="20230530 19:40:01.848"/>
</kw>
<kw name="Page Should Contain" library="SeleniumLibrary">
<arg>Ethereal</arg>
<doc>Verifies that current page contains ``text``.</doc>
<msg timestamp="20230530 19:40:01.868" level="INFO">Current page contains text 'Ethereal'.</msg>
<status status="PASS" starttime="20230530 19:40:01.849" endtime="20230530 19:40:01.869"/>
</kw>
<kw name="Click Button" library="SeleniumLibrary">
<arg>xpath:/html/body/header/nav/div/div/ul[2]/li[2]/form/button</arg>
<doc>Clicks the button identified by ``locator``.</doc>
<msg timestamp="20230530 19:40:01.870" level="INFO">Clicking button 'xpath:/html/body/header/nav/div/div/ul[2]/li[2]/form/button'.</msg>
<status status="PASS" starttime="20230530 19:40:01.869" endtime="20230530 19:40:02.191"/>
</kw>
<status status="PASS" starttime="20230530 19:39:57.129" endtime="20230530 19:40:02.197"/>
</test>
<status status="PASS" starttime="20230530 19:39:50.885" endtime="20230530 19:40:02.201"/>
</suite>
<statistics>
<total>
<stat pass="3" fail="0" skip="0">All Tests</stat>
</total>
<tag>
</tag>
<suite>
<stat pass="3" fail="0" skip="0" id="s1" name="alenTest">alenTest</stat>
</suite>
</statistics>
<errors>
</errors>
</robot>
